<?xml version="1.0" encoding="UTF-8"?>
<!-- Generated by org.testng.reporters.JUnitReportReporter -->
<testsuite hostname="Dev11" failures="0" tests="5" name="com.flipkart.stepdefinition.MobilePurchase" time="0.011" errors="0" timestamp="10 Dec 2022 07:25:32 GMT" skipped="1">
  <testcase classname="com.flipkart.stepdefinition.MobilePurchase" name="search" time="0.006"/>
  <testcase classname="com.flipkart.stepdefinition.MobilePurchase" name="mobileClick" time="0.002"/>
  <testcase classname="com.flipkart.stepdefinition.MobilePurchase" name="windowHandling" time="0.002"/>
  <testcase classname="com.flipkart.stepdefinition.MobilePurchase" name="addToCart" time="0.001"/>
  <testcase classname="com.flipkart.stepdefinition.MobilePurchase" name="login">
    <skipped/>
  </testcase> <!-- login -->
</testsuite> <!-- com.flipkart.stepdefinition.MobilePurchase -->
